<?xml version="1.0" encoding="UTF-8"?>
<coverage generated="1770510992723" clover="3.2.0">
  <project timestamp="1770510992723" name="All files">
    <metrics statements="25" coveredstatements="22" conditionals="10" coveredconditionals="4" methods="14" coveredmethods="13" elements="49" coveredelements="39" complexity="0" loc="25" ncloc="25" packages="3" files="5" classes="5"/>
    <package name="domain.entities">
      <metrics statements="9" coveredstatements="8" conditionals="2" coveredconditionals="1" methods="8" coveredmethods="7"/>
      <file name="entity.ts" path="/Users/lucas/Documents/url-shortener/src/domain/entities/entity.ts">
        <metrics statements="4" coveredstatements="3" conditionals="2" coveredconditionals="1" methods="3" coveredmethods="2"/>
        <line num="8" count="1" type="stmt"/>
        <line num="9" count="1" type="cond" truecount="1" falsecount="1"/>
        <line num="13" count="2" type="stmt"/>
        <line num="17" count="0" type="stmt"/>
      </file>
      <file name="short-urls.entity.ts" path="/Users/lucas/Documents/url-shortener/src/domain/entities/short-urls.entity.ts">
        <metrics statements="5" coveredstatements="5" conditionals="0" coveredconditionals="0" methods="5" coveredmethods="5"/>
        <line num="12" count="1" type="stmt"/>
        <line num="16" count="2" type="stmt"/>
        <line num="20" count="2" type="stmt"/>
        <line num="24" count="2" type="stmt"/>
        <line num="28" count="2" type="stmt"/>
      </file>
    </package>
    <package name="domain.errors">
      <metrics statements="4" coveredstatements="4" conditionals="0" coveredconditionals="0" methods="2" coveredmethods="2"/>
      <file name="database.error.ts" path="/Users/lucas/Documents/url-shortener/src/domain/errors/database.error.ts">
        <metrics statements="2" coveredstatements="2" conditionals="0" coveredconditionals="0" methods="1" coveredmethods="1"/>
        <line num="3" count="2" type="stmt"/>
        <line num="4" count="2" type="stmt"/>
      </file>
      <file name="not-found.error.ts" path="/Users/lucas/Documents/url-shortener/src/domain/errors/not-found.error.ts">
        <metrics statements="2" coveredstatements="2" conditionals="0" coveredconditionals="0" methods="1" coveredmethods="1"/>
        <line num="3" count="2" type="stmt"/>
        <line num="4" count="2" type="stmt"/>
      </file>
    </package>
    <package name="infra.repositories">
      <metrics statements="12" coveredstatements="10" conditionals="8" coveredconditionals="3" methods="4" coveredmethods="4"/>
      <file name="short-urls.repository.ts" path="/Users/lucas/Documents/url-shortener/src/infra/repositories/short-urls.repository.ts">
        <metrics statements="12" coveredstatements="10" conditionals="8" coveredconditionals="3" methods="4" coveredmethods="4"/>
        <line num="11" count="1" type="stmt"/>
        <line num="12" count="1" type="stmt"/>
        <line num="22" count="0" type="stmt"/>
        <line num="29" count="3" type="stmt"/>
        <line num="30" count="3" type="stmt"/>
        <line num="33" count="3" type="cond" truecount="2" falsecount="0"/>
        <line num="34" count="2" type="stmt"/>
        <line num="36" count="1" type="stmt"/>
        <line num="38" count="2" type="stmt"/>
        <line num="45" count="1" type="stmt"/>
        <line num="46" count="1" type="stmt"/>
        <line num="51" count="0" type="stmt"/>
      </file>
    </package>
  </project>
</coverage>
