{"/Users/lucas/Documents/url-shortener/src/domain/entities/entity.ts": {"path":"/Users/lucas/Documents/url-shortener/src/domain/entities/entity.ts","statementMap":{"0":{"start":{"line":8,"column":4},"end":{"line":8,"column":23}},"1":{"start":{"line":9,"column":4},"end":{"line":9,"column":28}},"2":{"start":{"line":13,"column":4},"end":{"line":13,"column":20}},"3":{"start":{"line":17,"column":4},"end":{"line":19,"column":42}}},"fnMap":{"0":{"name":"(anonymous_0)","decl":{"start":{"line":7,"column":2},"end":{"line":7,"column":3}},"loc":{"start":{"line":7,"column":41},"end":{"line":10,"column":3}},"line":7},"1":{"name":"(anonymous_1)","decl":{"start":{"line":12,"column":2},"end":{"line":12,"column":3}},"loc":{"start":{"line":12,"column":11},"end":{"line":14,"column":3}},"line":12},"2":{"name":"(anonymous_2)","decl":{"start":{"line":16,"column":2},"end":{"line":16,"column":3}},"loc":{"start":{"line":16,"column":45},"end":{"line":20,"column":3}},"line":16}},"branchMap":{"0":{"loc":{"start":{"line":9,"column":15},"end":{"line":9,"column":27}},"type":"binary-expr","locations":[{"start":{"line":9,"column":15},"end":{"line":9,"column":17}},{"start":{"line":9,"column":21},"end":{"line":9,"column":27}}],"line":9}},"s":{"0":1,"1":1,"2":2,"3":0},"f":{"0":1,"1":2,"2":0},"b":{"0":[1,0]},"_coverageSchema":"1a1c01bbd47fc00a2c39e90264f33305004495a9","hash":"a95a1792db9adf0b51784f40e2502d60a68b2b60"}
,"/Users/lucas/Documents/url-shortener/src/domain/entities/short-urls.entity.ts": {"path":"/Users/lucas/Documents/url-shortener/src/domain/entities/short-urls.entity.ts","statementMap":{"0":{"start":{"line":12,"column":4},"end":{"line":12,"column":21}},"1":{"start":{"line":16,"column":4},"end":{"line":16,"column":34}},"2":{"start":{"line":20,"column":4},"end":{"line":20,"column":32}},"3":{"start":{"line":24,"column":4},"end":{"line":24,"column":32}},"4":{"start":{"line":28,"column":4},"end":{"line":28,"column":29}}},"fnMap":{"0":{"name":"(anonymous_0)","decl":{"start":{"line":11,"column":2},"end":{"line":11,"column":3}},"loc":{"start":{"line":11,"column":49},"end":{"line":13,"column":3}},"line":11},"1":{"name":"(anonymous_1)","decl":{"start":{"line":15,"column":2},"end":{"line":15,"column":3}},"loc":{"start":{"line":15,"column":20},"end":{"line":17,"column":3}},"line":15},"2":{"name":"(anonymous_2)","decl":{"start":{"line":19,"column":2},"end":{"line":19,"column":3}},"loc":{"start":{"line":19,"column":18},"end":{"line":21,"column":3}},"line":19},"3":{"name":"(anonymous_3)","decl":{"start":{"line":23,"column":2},"end":{"line":23,"column":3}},"loc":{"start":{"line":23,"column":18},"end":{"line":25,"column":3}},"line":23},"4":{"name":"(anonymous_4)","decl":{"start":{"line":27,"column":2},"end":{"line":27,"column":3}},"loc":{"start":{"line":27,"column":15},"end":{"line":29,"column":3}},"line":27}},"branchMap":{},"s":{"0":1,"1":2,"2":2,"3":2,"4":2},"f":{"0":1,"1":2,"2":2,"3":2,"4":2},"b":{},"_coverageSchema":"1a1c01bbd47fc00a2c39e90264f33305004495a9","hash":"d4228b1459eb0d88fb33b96fa5e8d92dfe18db2d"}
,"/Users/lucas/Documents/url-shortener/src/domain/errors/database.error.ts": {"path":"/Users/lucas/Documents/url-shortener/src/domain/errors/database.error.ts","statementMap":{"0":{"start":{"line":3,"column":4},"end":{"line":3,"column":19}},"1":{"start":{"line":4,"column":4},"end":{"line":4,"column":32}}},"fnMap":{"0":{"name":"(anonymous_0)","decl":{"start":{"line":2,"column":2},"end":{"line":2,"column":3}},"loc":{"start":{"line":2,"column":31},"end":{"line":5,"column":3}},"line":2}},"branchMap":{},"s":{"0":2,"1":2},"f":{"0":2},"b":{},"_coverageSchema":"1a1c01bbd47fc00a2c39e90264f33305004495a9","hash":"a9e16c5d31544ceed0c88bee2be8a45a59b902b3"}
,"/Users/lucas/Documents/url-shortener/src/domain/errors/not-found.error.ts": {"path":"/Users/lucas/Documents/url-shortener/src/domain/errors/not-found.error.ts","statementMap":{"0":{"start":{"line":3,"column":4},"end":{"line":3,"column":19}},"1":{"start":{"line":4,"column":4},"end":{"line":4,"column":32}}},"fnMap":{"0":{"name":"(anonymous_0)","decl":{"start":{"line":2,"column":2},"end":{"line":2,"column":3}},"loc":{"start":{"line":2,"column":31},"end":{"line":5,"column":3}},"line":2}},"branchMap":{},"s":{"0":2,"1":2},"f":{"0":2},"b":{},"_coverageSchema":"1a1c01bbd47fc00a2c39e90264f33305004495a9","hash":"c1e7f87b5f03d8f8e33ba94e1f2cfa76e9f4c94a"}
,"/Users/lucas/Documents/url-shortener/src/infra/repositories/short-urls.repository.ts": {"path":"/Users/lucas/Documents/url-shortener/src/infra/repositories/short-urls.repository.ts","statementMap":{"0":{"start":{"line":11,"column":4},"end":{"line":25,"column":5}},"1":{"start":{"line":12,"column":6},"end":{"line":20,"column":9}},"2":{"start":{"line":22,"column":6},"end":{"line":24,"column":8}},"3":{"start":{"line":29,"column":4},"end":{"line":41,"column":5}},"4":{"start":{"line":30,"column":18},"end":{"line":32,"column":8}},"5":{"start":{"line":33,"column":6},"end":{"line":35,"column":7}},"6":{"start":{"line":34,"column":8},"end":{"line":34,"column":58}},"7":{"start":{"line":36,"column":6},"end":{"line":36,"column":29}},"8":{"start":{"line":38,"column":6},"end":{"line":40,"column":8}},"9":{"start":{"line":45,"column":4},"end":{"line":54,"column":5}},"10":{"start":{"line":46,"column":6},"end":{"line":49,"column":9}},"11":{"start":{"line":51,"column":6},"end":{"line":53,"column":8}}},"fnMap":{"0":{"name":"(anonymous_0)","decl":{"start":{"line":8,"column":2},"end":{"line":8,"column":3}},"loc":{"start":{"line":8,"column":53},"end":{"line":8,"column":55}},"line":8},"1":{"name":"(anonymous_1)","decl":{"start":{"line":10,"column":2},"end":{"line":10,"column":3}},"loc":{"start":{"line":10,"column":56},"end":{"line":26,"column":3}},"line":10},"2":{"name":"(anonymous_2)","decl":{"start":{"line":28,"column":2},"end":{"line":28,"column":3}},"loc":{"start":{"line":28,"column":70},"end":{"line":42,"column":3}},"line":28},"3":{"name":"(anonymous_3)","decl":{"start":{"line":44,"column":2},"end":{"line":44,"column":3}},"loc":{"start":{"line":44,"column":58},"end":{"line":55,"column":3}},"line":44}},"branchMap":{"0":{"loc":{"start":{"line":23,"column":39},"end":{"line":23,"column":95}},"type":"cond-expr","locations":[{"start":{"line":23,"column":64},"end":{"line":23,"column":77}},{"start":{"line":23,"column":80},"end":{"line":23,"column":95}}],"line":23},"1":{"loc":{"start":{"line":33,"column":6},"end":{"line":35,"column":7}},"type":"if","locations":[{"start":{"line":33,"column":6},"end":{"line":35,"column":7}},{"start":{},"end":{}}],"line":33},"2":{"loc":{"start":{"line":39,"column":53},"end":{"line":39,"column":109}},"type":"cond-expr","locations":[{"start":{"line":39,"column":78},"end":{"line":39,"column":91}},{"start":{"line":39,"column":94},"end":{"line":39,"column":109}}],"line":39},"3":{"loc":{"start":{"line":52,"column":39},"end":{"line":52,"column":95}},"type":"cond-expr","locations":[{"start":{"line":52,"column":64},"end":{"line":52,"column":77}},{"start":{"line":52,"column":80},"end":{"line":52,"column":95}}],"line":52}},"s":{"0":1,"1":1,"2":0,"3":3,"4":3,"5":3,"6":2,"7":1,"8":2,"9":1,"10":1,"11":0},"f":{"0":4,"1":1,"2":3,"3":1},"b":{"0":[0,0],"1":[2,1],"2":[2,0],"3":[0,0]},"_coverageSchema":"1a1c01bbd47fc00a2c39e90264f33305004495a9","hash":"59366dfd39b943ab8eb9dfe73f1dc1064dfb321f"}
}
