{"/Users/lucas/Documents/url-shortener/src/application/useCases/shortUrls/create-short-url.use-case.ts": {"path":"/Users/lucas/Documents/url-shortener/src/application/useCases/shortUrls/create-short-url.use-case.ts","statementMap":{"0":{"start":{"line":12,"column":22},"end":{"line":12,"column":56}},"1":{"start":{"line":13,"column":21},"end":{"line":18,"column":6}},"2":{"start":{"line":19,"column":4},"end":{"line":19,"column":51}},"3":{"start":{"line":20,"column":4},"end":{"line":20,"column":30}}},"fnMap":{"0":{"name":"(anonymous_0)","decl":{"start":{"line":6,"column":2},"end":{"line":6,"column":3}},"loc":{"start":{"line":9,"column":4},"end":{"line":9,"column":6}},"line":9},"1":{"name":"(anonymous_1)","decl":{"start":{"line":11,"column":2},"end":{"line":11,"column":3}},"loc":{"start":{"line":11,"column":54},"end":{"line":21,"column":3}},"line":11}},"branchMap":{},"s":{"0":3,"1":3,"2":3,"3":2},"f":{"0":3,"1":3},"b":{},"_coverageSchema":"1a1c01bbd47fc00a2c39e90264f33305004495a9","hash":"e53fe3a842924882a881aa5c2fe45a9c08f013a8"}
,"/Users/lucas/Documents/url-shortener/src/application/useCases/shortUrls/get-original-url-by-short-code.use-case.ts": {"path":"/Users/lucas/Documents/url-shortener/src/application/useCases/shortUrls/get-original-url-by-short-code.use-case.ts","statementMap":{"0":{"start":{"line":10,"column":6},"end":{"line":10,"column":72}},"1":{"start":{"line":11,"column":4},"end":{"line":11,"column":61}},"2":{"start":{"line":12,"column":4},"end":{"line":12,"column":23}}},"fnMap":{"0":{"name":"(anonymous_0)","decl":{"start":{"line":4,"column":2},"end":{"line":4,"column":3}},"loc":{"start":{"line":6,"column":4},"end":{"line":6,"column":6}},"line":6},"1":{"name":"(anonymous_1)","decl":{"start":{"line":8,"column":2},"end":{"line":8,"column":3}},"loc":{"start":{"line":8,"column":52},"end":{"line":13,"column":3}},"line":8}},"branchMap":{},"s":{"0":3,"1":2,"2":1},"f":{"0":3,"1":3},"b":{},"_coverageSchema":"1a1c01bbd47fc00a2c39e90264f33305004495a9","hash":"c70cf3299a74ee010471ab166062f5276012dcab"}
,"/Users/lucas/Documents/url-shortener/src/domain/entities/entity.ts": {"path":"/Users/lucas/Documents/url-shortener/src/domain/entities/entity.ts","statementMap":{"0":{"start":{"line":8,"column":4},"end":{"line":8,"column":23}},"1":{"start":{"line":9,"column":4},"end":{"line":9,"column":28}},"2":{"start":{"line":13,"column":4},"end":{"line":13,"column":20}},"3":{"start":{"line":17,"column":4},"end":{"line":19,"column":42}}},"fnMap":{"0":{"name":"(anonymous_0)","decl":{"start":{"line":7,"column":2},"end":{"line":7,"column":3}},"loc":{"start":{"line":7,"column":41},"end":{"line":10,"column":3}},"line":7},"1":{"name":"(anonymous_1)","decl":{"start":{"line":12,"column":2},"end":{"line":12,"column":3}},"loc":{"start":{"line":12,"column":11},"end":{"line":14,"column":3}},"line":12},"2":{"name":"(anonymous_2)","decl":{"start":{"line":16,"column":2},"end":{"line":16,"column":3}},"loc":{"start":{"line":16,"column":45},"end":{"line":20,"column":3}},"line":16}},"branchMap":{"0":{"loc":{"start":{"line":9,"column":15},"end":{"line":9,"column":27}},"type":"binary-expr","locations":[{"start":{"line":9,"column":15},"end":{"line":9,"column":17}},{"start":{"line":9,"column":21},"end":{"line":9,"column":27}}],"line":9}},"s":{"0":20,"1":20,"2":10,"3":2},"f":{"0":20,"1":10,"2":2},"b":{"0":[20,13]},"_coverageSchema":"1a1c01bbd47fc00a2c39e90264f33305004495a9","hash":"a95a1792db9adf0b51784f40e2502d60a68b2b60"}
,"/Users/lucas/Documents/url-shortener/src/domain/entities/short-urls.entity.ts": {"path":"/Users/lucas/Documents/url-shortener/src/domain/entities/short-urls.entity.ts","statementMap":{"0":{"start":{"line":12,"column":4},"end":{"line":12,"column":21}},"1":{"start":{"line":16,"column":4},"end":{"line":16,"column":34}},"2":{"start":{"line":20,"column":4},"end":{"line":20,"column":32}},"3":{"start":{"line":24,"column":4},"end":{"line":24,"column":32}},"4":{"start":{"line":28,"column":4},"end":{"line":28,"column":29}},"5":{"start":{"line":32,"column":4},"end":{"line":38,"column":6}}},"fnMap":{"0":{"name":"(anonymous_0)","decl":{"start":{"line":11,"column":2},"end":{"line":11,"column":3}},"loc":{"start":{"line":11,"column":49},"end":{"line":13,"column":3}},"line":11},"1":{"name":"(anonymous_1)","decl":{"start":{"line":15,"column":2},"end":{"line":15,"column":3}},"loc":{"start":{"line":15,"column":20},"end":{"line":17,"column":3}},"line":15},"2":{"name":"(anonymous_2)","decl":{"start":{"line":19,"column":2},"end":{"line":19,"column":3}},"loc":{"start":{"line":19,"column":18},"end":{"line":21,"column":3}},"line":19},"3":{"name":"(anonymous_3)","decl":{"start":{"line":23,"column":2},"end":{"line":23,"column":3}},"loc":{"start":{"line":23,"column":18},"end":{"line":25,"column":3}},"line":23},"4":{"name":"(anonymous_4)","decl":{"start":{"line":27,"column":2},"end":{"line":27,"column":3}},"loc":{"start":{"line":27,"column":15},"end":{"line":29,"column":3}},"line":27},"5":{"name":"(anonymous_5)","decl":{"start":{"line":31,"column":2},"end":{"line":31,"column":3}},"loc":{"start":{"line":31,"column":11},"end":{"line":39,"column":3}},"line":31}},"branchMap":{},"s":{"0":12,"1":6,"2":8,"3":6,"4":6,"5":1},"f":{"0":12,"1":6,"2":8,"3":6,"4":6,"5":1},"b":{},"_coverageSchema":"1a1c01bbd47fc00a2c39e90264f33305004495a9","hash":"eaf5467aeb76b19564adad928b7f4ba0a3ba058b"}
,"/Users/lucas/Documents/url-shortener/src/domain/errors/database.error.ts": {"path":"/Users/lucas/Documents/url-shortener/src/domain/errors/database.error.ts","statementMap":{"0":{"start":{"line":3,"column":4},"end":{"line":3,"column":19}},"1":{"start":{"line":4,"column":4},"end":{"line":4,"column":32}}},"fnMap":{"0":{"name":"(anonymous_0)","decl":{"start":{"line":2,"column":2},"end":{"line":2,"column":3}},"loc":{"start":{"line":2,"column":31},"end":{"line":5,"column":3}},"line":2}},"branchMap":{},"s":{"0":0,"1":0},"f":{"0":0},"b":{},"_coverageSchema":"1a1c01bbd47fc00a2c39e90264f33305004495a9","hash":"a9e16c5d31544ceed0c88bee2be8a45a59b902b3"}
,"/Users/lucas/Documents/url-shortener/src/domain/errors/not-found.error.ts": {"path":"/Users/lucas/Documents/url-shortener/src/domain/errors/not-found.error.ts","statementMap":{"0":{"start":{"line":3,"column":4},"end":{"line":3,"column":19}},"1":{"start":{"line":4,"column":4},"end":{"line":4,"column":32}}},"fnMap":{"0":{"name":"(anonymous_0)","decl":{"start":{"line":2,"column":2},"end":{"line":2,"column":3}},"loc":{"start":{"line":2,"column":31},"end":{"line":5,"column":3}},"line":2}},"branchMap":{},"s":{"0":1,"1":1},"f":{"0":1},"b":{},"_coverageSchema":"1a1c01bbd47fc00a2c39e90264f33305004495a9","hash":"c1e7f87b5f03d8f8e33ba94e1f2cfa76e9f4c94a"}
,"/Users/lucas/Documents/url-shortener/src/infra/generators/short-code.generator.ts": {"path":"/Users/lucas/Documents/url-shortener/src/infra/generators/short-code.generator.ts","statementMap":{"0":{"start":{"line":6,"column":4},"end":{"line":6,"column":68}},"1":{"start":{"line":10,"column":18},"end":{"line":10,"column":42}},"2":{"start":{"line":11,"column":17},"end":{"line":11,"column":19}},"3":{"start":{"line":12,"column":4},"end":{"line":14,"column":5}},"4":{"start":{"line":12,"column":17},"end":{"line":12,"column":18}},"5":{"start":{"line":13,"column":6},"end":{"line":13,"column":64}},"6":{"start":{"line":15,"column":4},"end":{"line":15,"column":18}}},"fnMap":{"0":{"name":"(anonymous_0)","decl":{"start":{"line":7,"column":2},"end":{"line":7,"column":3}},"loc":{"start":{"line":7,"column":51},"end":{"line":7,"column":53}},"line":7},"1":{"name":"(anonymous_1)","decl":{"start":{"line":9,"column":2},"end":{"line":9,"column":3}},"loc":{"start":{"line":9,"column":21},"end":{"line":16,"column":3}},"line":9}},"branchMap":{"0":{"loc":{"start":{"line":7,"column":31},"end":{"line":7,"column":49}},"type":"default-arg","locations":[{"start":{"line":7,"column":48},"end":{"line":7,"column":49}}],"line":7}},"s":{"0":5,"1":6,"2":6,"3":6,"4":6,"5":46,"6":6},"f":{"0":5,"1":6},"b":{"0":[1]},"_coverageSchema":"1a1c01bbd47fc00a2c39e90264f33305004495a9","hash":"5ee43c2bcb5ab247b63ec8b59245d24ff0e45f1d"}
,"/Users/lucas/Documents/url-shortener/src/infra/repositories/short-urls.repository.ts": {"path":"/Users/lucas/Documents/url-shortener/src/infra/repositories/short-urls.repository.ts","statementMap":{"0":{"start":{"line":11,"column":4},"end":{"line":25,"column":5}},"1":{"start":{"line":12,"column":6},"end":{"line":20,"column":9}},"2":{"start":{"line":22,"column":6},"end":{"line":24,"column":8}},"3":{"start":{"line":29,"column":4},"end":{"line":42,"column":5}},"4":{"start":{"line":30,"column":18},"end":{"line":32,"column":8}},"5":{"start":{"line":33,"column":6},"end":{"line":35,"column":7}},"6":{"start":{"line":34,"column":8},"end":{"line":34,"column":58}},"7":{"start":{"line":36,"column":6},"end":{"line":36,"column":29}},"8":{"start":{"line":38,"column":6},"end":{"line":38,"column":54}},"9":{"start":{"line":38,"column":42},"end":{"line":38,"column":54}},"10":{"start":{"line":39,"column":6},"end":{"line":41,"column":8}},"11":{"start":{"line":46,"column":4},"end":{"line":55,"column":5}},"12":{"start":{"line":47,"column":6},"end":{"line":50,"column":9}},"13":{"start":{"line":52,"column":6},"end":{"line":54,"column":8}}},"fnMap":{"0":{"name":"(anonymous_0)","decl":{"start":{"line":8,"column":2},"end":{"line":8,"column":3}},"loc":{"start":{"line":8,"column":53},"end":{"line":8,"column":55}},"line":8},"1":{"name":"(anonymous_1)","decl":{"start":{"line":10,"column":2},"end":{"line":10,"column":3}},"loc":{"start":{"line":10,"column":56},"end":{"line":26,"column":3}},"line":10},"2":{"name":"(anonymous_2)","decl":{"start":{"line":28,"column":2},"end":{"line":28,"column":3}},"loc":{"start":{"line":28,"column":70},"end":{"line":43,"column":3}},"line":28},"3":{"name":"(anonymous_3)","decl":{"start":{"line":45,"column":2},"end":{"line":45,"column":3}},"loc":{"start":{"line":45,"column":58},"end":{"line":56,"column":3}},"line":45}},"branchMap":{"0":{"loc":{"start":{"line":23,"column":39},"end":{"line":23,"column":95}},"type":"cond-expr","locations":[{"start":{"line":23,"column":64},"end":{"line":23,"column":77}},{"start":{"line":23,"column":80},"end":{"line":23,"column":95}}],"line":23},"1":{"loc":{"start":{"line":33,"column":6},"end":{"line":35,"column":7}},"type":"if","locations":[{"start":{"line":33,"column":6},"end":{"line":35,"column":7}},{"start":{},"end":{}}],"line":33},"2":{"loc":{"start":{"line":38,"column":6},"end":{"line":38,"column":54}},"type":"if","locations":[{"start":{"line":38,"column":6},"end":{"line":38,"column":54}},{"start":{},"end":{}}],"line":38},"3":{"loc":{"start":{"line":40,"column":53},"end":{"line":40,"column":109}},"type":"cond-expr","locations":[{"start":{"line":40,"column":78},"end":{"line":40,"column":91}},{"start":{"line":40,"column":94},"end":{"line":40,"column":109}}],"line":40},"4":{"loc":{"start":{"line":53,"column":39},"end":{"line":53,"column":95}},"type":"cond-expr","locations":[{"start":{"line":53,"column":64},"end":{"line":53,"column":77}},{"start":{"line":53,"column":80},"end":{"line":53,"column":95}}],"line":53}},"s":{"0":1,"1":1,"2":0,"3":2,"4":2,"5":2,"6":1,"7":1,"8":1,"9":1,"10":0,"11":1,"12":1,"13":0},"f":{"0":4,"1":1,"2":2,"3":1},"b":{"0":[0,0],"1":[1,1],"2":[1,0],"3":[0,0],"4":[0,0]},"_coverageSchema":"1a1c01bbd47fc00a2c39e90264f33305004495a9","hash":"ce99e0ef903aaf15dbad8c61503f0b819fc03056"}
,"/Users/lucas/Documents/url-shortener/src/presentation/controllers/short-urls.controller.ts": {"path":"/Users/lucas/Documents/url-shortener/src/presentation/controllers/short-urls.controller.ts","statementMap":{"0":{"start":{"line":15,"column":28},"end":{"line":15,"column":36}},"1":{"start":{"line":16,"column":22},"end":{"line":16,"column":75}},"2":{"start":{"line":17,"column":4},"end":{"line":17,"column":40}},"3":{"start":{"line":24,"column":26},"end":{"line":24,"column":36}},"4":{"start":{"line":26,"column":6},"end":{"line":26,"column":68}},"5":{"start":{"line":28,"column":6},"end":{"line":28,"column":77}},"6":{"start":{"line":29,"column":4},"end":{"line":35,"column":5}},"7":{"start":{"line":30,"column":6},"end":{"line":34,"column":9}},"8":{"start":{"line":36,"column":4},"end":{"line":36,"column":49}}},"fnMap":{"0":{"name":"(anonymous_0)","decl":{"start":{"line":6,"column":2},"end":{"line":6,"column":3}},"loc":{"start":{"line":9,"column":4},"end":{"line":9,"column":6}},"line":9},"1":{"name":"(anonymous_1)","decl":{"start":{"line":11,"column":2},"end":{"line":11,"column":3}},"loc":{"start":{"line":14,"column":4},"end":{"line":18,"column":3}},"line":14},"2":{"name":"(anonymous_2)","decl":{"start":{"line":20,"column":2},"end":{"line":20,"column":3}},"loc":{"start":{"line":23,"column":4},"end":{"line":37,"column":3}},"line":23}},"branchMap":{"0":{"loc":{"start":{"line":28,"column":6},"end":{"line":28,"column":77}},"type":"binary-expr","locations":[{"start":{"line":28,"column":6},"end":{"line":28,"column":39}},{"start":{"line":28,"column":43},"end":{"line":28,"column":77}}],"line":28},"1":{"loc":{"start":{"line":29,"column":4},"end":{"line":35,"column":5}},"type":"if","locations":[{"start":{"line":29,"column":4},"end":{"line":35,"column":5}},{"start":{},"end":{}}],"line":29}},"s":{"0":1,"1":1,"2":1,"3":2,"4":2,"5":2,"6":2,"7":1,"8":1},"f":{"0":3,"1":1,"2":2},"b":{"0":[2,2],"1":[1,1]},"_coverageSchema":"1a1c01bbd47fc00a2c39e90264f33305004495a9","hash":"42e83ba87bcaf49f6241bc00e2c4a921fbecc3f3"}
}
