TN:
SF:src/application/useCases/shortUrls/create-short-url.use-case.ts
FN:6,(anonymous_0)
FN:11,(anonymous_1)
FNF:2
FNH:2
FNDA:3,(anonymous_0)
FNDA:3,(anonymous_1)
DA:12,3
DA:13,3
DA:19,3
DA:20,2
LF:4
LH:4
BRF:0
BRH:0
end_of_record
TN:
SF:src/application/useCases/shortUrls/get-original-url-by-short-code.use-case.ts
FN:4,(anonymous_0)
FN:8,(anonymous_1)
FNF:2
FNH:2
FNDA:3,(anonymous_0)
FNDA:3,(anonymous_1)
DA:10,3
DA:11,2
DA:12,1
LF:3
LH:3
BRF:0
BRH:0
end_of_record
TN:
SF:src/domain/entities/entity.ts
FN:7,(anonymous_0)
FN:12,(anonymous_1)
FN:16,(anonymous_2)
FNF:3
FNH:3
FNDA:20,(anonymous_0)
FNDA:10,(anonymous_1)
FNDA:2,(anonymous_2)
DA:8,20
DA:9,20
DA:13,10
DA:17,2
LF:4
LH:4
BRDA:9,0,0,20
BRDA:9,0,1,13
BRF:2
BRH:2
end_of_record
TN:
SF:src/domain/entities/short-urls.entity.ts
FN:11,(anonymous_0)
FN:15,(anonymous_1)
FN:19,(anonymous_2)
FN:23,(anonymous_3)
FN:27,(anonymous_4)
FN:31,(anonymous_5)
FNF:6
FNH:6
FNDA:12,(anonymous_0)
FNDA:6,(anonymous_1)
FNDA:8,(anonymous_2)
FNDA:6,(anonymous_3)
FNDA:6,(anonymous_4)
FNDA:1,(anonymous_5)
DA:12,12
DA:16,6
DA:20,8
DA:24,6
DA:28,6
DA:32,1
LF:6
LH:6
BRF:0
BRH:0
end_of_record
TN:
SF:src/domain/errors/database.error.ts
FN:2,(anonymous_0)
FNF:1
FNH:0
FNDA:0,(anonymous_0)
DA:3,0
DA:4,0
LF:2
LH:0
BRF:0
BRH:0
end_of_record
TN:
SF:src/domain/errors/not-found.error.ts
FN:2,(anonymous_0)
FNF:1
FNH:1
FNDA:1,(anonymous_0)
DA:3,1
DA:4,1
LF:2
LH:2
BRF:0
BRH:0
end_of_record
TN:
SF:src/infra/generators/short-code.generator.ts
FN:7,(anonymous_0)
FN:9,(anonymous_1)
FNF:2
FNH:2
FNDA:5,(anonymous_0)
FNDA:6,(anonymous_1)
DA:6,5
DA:10,6
DA:11,6
DA:12,6
DA:13,46
DA:15,6
LF:6
LH:6
BRDA:7,0,0,1
BRF:1
BRH:1
end_of_record
TN:
SF:src/infra/repositories/short-urls.repository.ts
FN:8,(anonymous_0)
FN:10,(anonymous_1)
FN:28,(anonymous_2)
FN:45,(anonymous_3)
FNF:4
FNH:4
FNDA:4,(anonymous_0)
FNDA:1,(anonymous_1)
FNDA:2,(anonymous_2)
FNDA:1,(anonymous_3)
DA:11,1
DA:12,1
DA:22,0
DA:29,2
DA:30,2
DA:33,2
DA:34,1
DA:36,1
DA:38,1
DA:39,0
DA:46,1
DA:47,1
DA:52,0
LF:13
LH:10
BRDA:23,0,0,0
BRDA:23,0,1,0
BRDA:33,1,0,1
BRDA:33,1,1,1
BRDA:38,2,0,1
BRDA:38,2,1,0
BRDA:40,3,0,0
BRDA:40,3,1,0
BRDA:53,4,0,0
BRDA:53,4,1,0
BRF:10
BRH:3
end_of_record
TN:
SF:src/presentation/controllers/short-urls.controller.ts
FN:6,(anonymous_0)
FN:11,(anonymous_1)
FN:20,(anonymous_2)
FNF:3
FNH:3
FNDA:3,(anonymous_0)
FNDA:1,(anonymous_1)
FNDA:2,(anonymous_2)
DA:15,1
DA:16,1
DA:17,1
DA:24,2
DA:26,2
DA:28,2
DA:29,2
DA:30,1
DA:36,1
LF:9
LH:9
BRDA:28,0,0,2
BRDA:28,0,1,2
BRDA:29,1,0,1
BRDA:29,1,1,1
BRF:4
BRH:4
end_of_record
